<testsuites id="" name="" tests="9" failures="9" skipped="0" errors="0" time="31.651359">
<testsuite name="tests/auth.spec.js" timestamp="2025-08-15T08:18:15.740Z" hostname="chromium" tests="9" failures="9" skipped="0" time="83.916" errors="0">
<testcase name="Authentication and Setup › should verify site is accessible and functional" classname="tests/auth.spec.js" time="1.657">
<failure message="auth.spec.js:21:3 should verify site is accessible and functional" type="FAILURE">
<![CDATA[  [chromium] › tests/auth.spec.js:21:3 › Authentication and Setup › should verify site is accessible and functional 

    Error: expect(received).toBeTruthy()

    Received: ""

      26 |     // Verify page title is not empty
      27 |     const title = await page.title();
    > 28 |     expect(title).toBeTruthy();
         |                   ^
      29 |     expect(title.length).toBeGreaterThan(0);
      30 |     
      31 |     // Check for any PHP errors
        at /var/www/html/web/modules/contrib/proxy_block/e2e/tests/auth.spec.js:28:19

    attachment #1: screenshot (image/png) ──────────────────────────────────────────────────────────
    ../test-results/tests-auth-Authentication--ed329-s-accessible-and-functional-chromium/test-failed-1.png
    ────────────────────────────────────────────────────────────────────────────────────────────────

    attachment #2: video (video/webm) ──────────────────────────────────────────────────────────────
    ../test-results/tests-auth-Authentication--ed329-s-accessible-and-functional-chromium/video.webm
    ────────────────────────────────────────────────────────────────────────────────────────────────

    Error Context: ../test-results/tests-auth-Authentication--ed329-s-accessible-and-functional-chromium/error-context.md
]]>
</failure>
<system-out>
<![CDATA[
[[ATTACHMENT|tests-auth-Authentication--ed329-s-accessible-and-functional-chromium/test-failed-1.png]]

[[ATTACHMENT|tests-auth-Authentication--ed329-s-accessible-and-functional-chromium/video.webm]]

[[ATTACHMENT|tests-auth-Authentication--ed329-s-accessible-and-functional-chromium/error-context.md]]
]]>
</system-out>
</testcase>
<testcase name="Authentication and Setup › should login as admin user successfully" classname="tests/auth.spec.js" time="7.464">
<failure message="auth.spec.js:35:3 should login as admin user successfully" type="FAILURE">
<![CDATA[  [chromium] › tests/auth.spec.js:35:3 › Authentication and Setup › should login as admin user successfully 

    Error: Timed out 5000ms waiting for expect(locator).toBeVisible()

    Locator: locator('#user-login-form')
    Expected: visible
    Received: <element(s) not found>
    Call log:
      - Expect "toBeVisible" with timeout 5000ms
      - waiting for locator('#user-login-form')


       at helpers/drupal-auth.js:29

      27 |   
      28 |   // Wait for login form to be visible
    > 29 |   await expect(page.locator('#user-login-form')).toBeVisible();
         |                                                  ^
      30 |   
      31 |   // Fill in credentials
      32 |   await page.fill('#edit-name', credentials.username);
        at loginAsAdmin (/var/www/html/web/modules/contrib/proxy_block/e2e/helpers/drupal-auth.js:29:50)
        at /var/www/html/web/modules/contrib/proxy_block/e2e/tests/auth.spec.js:37:5

    attachment #1: screenshot (image/png) ──────────────────────────────────────────────────────────
    ../test-results/tests-auth-Authentication--9c36d--as-admin-user-successfully-chromium/test-failed-1.png
    ────────────────────────────────────────────────────────────────────────────────────────────────

    attachment #2: video (video/webm) ──────────────────────────────────────────────────────────────
    ../test-results/tests-auth-Authentication--9c36d--as-admin-user-successfully-chromium/video.webm
    ────────────────────────────────────────────────────────────────────────────────────────────────

    Error Context: ../test-results/tests-auth-Authentication--9c36d--as-admin-user-successfully-chromium/error-context.md
]]>
</failure>
<system-out>
<![CDATA[
[[ATTACHMENT|tests-auth-Authentication--9c36d--as-admin-user-successfully-chromium/test-failed-1.png]]

[[ATTACHMENT|tests-auth-Authentication--9c36d--as-admin-user-successfully-chromium/video.webm]]

[[ATTACHMENT|tests-auth-Authentication--9c36d--as-admin-user-successfully-chromium/error-context.md]]
]]>
</system-out>
</testcase>
<testcase name="Authentication and Setup › should verify admin user has required permissions" classname="tests/auth.spec.js" time="7.242">
<failure message="auth.spec.js:50:3 should verify admin user has required permissions" type="FAILURE">
<![CDATA[  [chromium] › tests/auth.spec.js:50:3 › Authentication and Setup › should verify admin user has required permissions 

    Error: Timed out 5000ms waiting for expect(locator).toBeVisible()

    Locator: locator('#user-login-form')
    Expected: visible
    Received: <element(s) not found>
    Call log:
      - Expect "toBeVisible" with timeout 5000ms
      - waiting for locator('#user-login-form')


       at helpers/drupal-auth.js:29

      27 |   
      28 |   // Wait for login form to be visible
    > 29 |   await expect(page.locator('#user-login-form')).toBeVisible();
         |                                                  ^
      30 |   
      31 |   // Fill in credentials
      32 |   await page.fill('#edit-name', credentials.username);
        at loginAsAdmin (/var/www/html/web/modules/contrib/proxy_block/e2e/helpers/drupal-auth.js:29:50)
        at /var/www/html/web/modules/contrib/proxy_block/e2e/tests/auth.spec.js:51:5

    attachment #1: screenshot (image/png) ──────────────────────────────────────────────────────────
    ../test-results/tests-auth-Authentication--87ed6-er-has-required-permissions-chromium/test-failed-1.png
    ────────────────────────────────────────────────────────────────────────────────────────────────

    attachment #2: video (video/webm) ──────────────────────────────────────────────────────────────
    ../test-results/tests-auth-Authentication--87ed6-er-has-required-permissions-chromium/video.webm
    ────────────────────────────────────────────────────────────────────────────────────────────────

    Error Context: ../test-results/tests-auth-Authentication--87ed6-er-has-required-permissions-chromium/error-context.md
]]>
</failure>
<system-out>
<![CDATA[
[[ATTACHMENT|tests-auth-Authentication--87ed6-er-has-required-permissions-chromium/test-failed-1.png]]

[[ATTACHMENT|tests-auth-Authentication--87ed6-er-has-required-permissions-chromium/video.webm]]

[[ATTACHMENT|tests-auth-Authentication--87ed6-er-has-required-permissions-chromium/error-context.md]]
]]>
</system-out>
</testcase>
<testcase name="Authentication and Setup › should verify proxy_block module is enabled" classname="tests/auth.spec.js" time="7.445">
<failure message="auth.spec.js:65:3 should verify proxy_block module is enabled" type="FAILURE">
<![CDATA[  [chromium] › tests/auth.spec.js:65:3 › Authentication and Setup › should verify proxy_block module is enabled 

    Error: Timed out 5000ms waiting for expect(locator).toBeVisible()

    Locator: locator('#user-login-form')
    Expected: visible
    Received: <element(s) not found>
    Call log:
      - Expect "toBeVisible" with timeout 5000ms
      - waiting for locator('#user-login-form')


       at helpers/drupal-auth.js:29

      27 |   
      28 |   // Wait for login form to be visible
    > 29 |   await expect(page.locator('#user-login-form')).toBeVisible();
         |                                                  ^
      30 |   
      31 |   // Fill in credentials
      32 |   await page.fill('#edit-name', credentials.username);
        at loginAsAdmin (/var/www/html/web/modules/contrib/proxy_block/e2e/helpers/drupal-auth.js:29:50)
        at /var/www/html/web/modules/contrib/proxy_block/e2e/tests/auth.spec.js:66:5

    attachment #1: screenshot (image/png) ──────────────────────────────────────────────────────────
    ../test-results/tests-auth-Authentication--48a32-oxy-block-module-is-enabled-chromium/test-failed-1.png
    ────────────────────────────────────────────────────────────────────────────────────────────────

    attachment #2: video (video/webm) ──────────────────────────────────────────────────────────────
    ../test-results/tests-auth-Authentication--48a32-oxy-block-module-is-enabled-chromium/video.webm
    ────────────────────────────────────────────────────────────────────────────────────────────────

    Error Context: ../test-results/tests-auth-Authentication--48a32-oxy-block-module-is-enabled-chromium/error-context.md
]]>
</failure>
<system-out>
<![CDATA[
[[ATTACHMENT|tests-auth-Authentication--48a32-oxy-block-module-is-enabled-chromium/test-failed-1.png]]

[[ATTACHMENT|tests-auth-Authentication--48a32-oxy-block-module-is-enabled-chromium/video.webm]]

[[ATTACHMENT|tests-auth-Authentication--48a32-oxy-block-module-is-enabled-chromium/error-context.md]]
]]>
</system-out>
</testcase>
<testcase name="Authentication and Setup › should verify proxy block is available in block placement" classname="tests/auth.spec.js" time="7.144">
<failure message="auth.spec.js:70:3 should verify proxy block is available in block placement" type="FAILURE">
<![CDATA[  [chromium] › tests/auth.spec.js:70:3 › Authentication and Setup › should verify proxy block is available in block placement 

    Error: Timed out 5000ms waiting for expect(locator).toBeVisible()

    Locator: locator('#user-login-form')
    Expected: visible
    Received: <element(s) not found>
    Call log:
      - Expect "toBeVisible" with timeout 5000ms
      - waiting for locator('#user-login-form')


       at helpers/drupal-auth.js:29

      27 |   
      28 |   // Wait for login form to be visible
    > 29 |   await expect(page.locator('#user-login-form')).toBeVisible();
         |                                                  ^
      30 |   
      31 |   // Fill in credentials
      32 |   await page.fill('#edit-name', credentials.username);
        at loginAsAdmin (/var/www/html/web/modules/contrib/proxy_block/e2e/helpers/drupal-auth.js:29:50)
        at /var/www/html/web/modules/contrib/proxy_block/e2e/tests/auth.spec.js:71:5

    attachment #1: screenshot (image/png) ──────────────────────────────────────────────────────────
    ../test-results/tests-auth-Authentication--240bd-vailable-in-block-placement-chromium/test-failed-1.png
    ────────────────────────────────────────────────────────────────────────────────────────────────

    attachment #2: video (video/webm) ──────────────────────────────────────────────────────────────
    ../test-results/tests-auth-Authentication--240bd-vailable-in-block-placement-chromium/video.webm
    ────────────────────────────────────────────────────────────────────────────────────────────────

    Error Context: ../test-results/tests-auth-Authentication--240bd-vailable-in-block-placement-chromium/error-context.md
]]>
</failure>
<system-out>
<![CDATA[
[[ATTACHMENT|tests-auth-Authentication--240bd-vailable-in-block-placement-chromium/test-failed-1.png]]

[[ATTACHMENT|tests-auth-Authentication--240bd-vailable-in-block-placement-chromium/video.webm]]

[[ATTACHMENT|tests-auth-Authentication--240bd-vailable-in-block-placement-chromium/error-context.md]]
]]>
</system-out>
</testcase>
<testcase name="Authentication and Setup › should logout successfully" classname="tests/auth.spec.js" time="7.178">
<failure message="auth.spec.js:100:3 should logout successfully" type="FAILURE">
<![CDATA[  [chromium] › tests/auth.spec.js:100:3 › Authentication and Setup › should logout successfully ────

    Error: Timed out 5000ms waiting for expect(locator).toBeVisible()

    Locator: locator('#user-login-form')
    Expected: visible
    Received: <element(s) not found>
    Call log:
      - Expect "toBeVisible" with timeout 5000ms
      - waiting for locator('#user-login-form')


       at helpers/drupal-auth.js:29

      27 |   
      28 |   // Wait for login form to be visible
    > 29 |   await expect(page.locator('#user-login-form')).toBeVisible();
         |                                                  ^
      30 |   
      31 |   // Fill in credentials
      32 |   await page.fill('#edit-name', credentials.username);
        at loginAsAdmin (/var/www/html/web/modules/contrib/proxy_block/e2e/helpers/drupal-auth.js:29:50)
        at /var/www/html/web/modules/contrib/proxy_block/e2e/tests/auth.spec.js:101:5

    attachment #1: screenshot (image/png) ──────────────────────────────────────────────────────────
    ../test-results/tests-auth-Authentication--1e27a--should-logout-successfully-chromium/test-failed-1.png
    ────────────────────────────────────────────────────────────────────────────────────────────────

    attachment #2: video (video/webm) ──────────────────────────────────────────────────────────────
    ../test-results/tests-auth-Authentication--1e27a--should-logout-successfully-chromium/video.webm
    ────────────────────────────────────────────────────────────────────────────────────────────────

    Error Context: ../test-results/tests-auth-Authentication--1e27a--should-logout-successfully-chromium/error-context.md
]]>
</failure>
<system-out>
<![CDATA[
[[ATTACHMENT|tests-auth-Authentication--1e27a--should-logout-successfully-chromium/test-failed-1.png]]

[[ATTACHMENT|tests-auth-Authentication--1e27a--should-logout-successfully-chromium/video.webm]]

[[ATTACHMENT|tests-auth-Authentication--1e27a--should-logout-successfully-chromium/error-context.md]]
]]>
</system-out>
</testcase>
<testcase name="Authentication and Setup › should handle invalid login credentials gracefully" classname="tests/auth.spec.js" time="30.974">
<failure message="auth.spec.js:116:3 should handle invalid login credentials gracefully" type="FAILURE">
<![CDATA[  [chromium] › tests/auth.spec.js:116:3 › Authentication and Setup › should handle invalid login credentials gracefully 

    Test timeout of 30000ms exceeded.

    Error: page.fill: Test timeout of 30000ms exceeded.
    Call log:
      - waiting for locator('#edit-name')


      119 |     
      120 |     // Fill in invalid credentials
    > 121 |     await page.fill('#edit-name', 'invalid_user');
          |                ^
      122 |     await page.fill('#edit-pass', 'invalid_password');
      123 |     
      124 |     // Submit login form
        at /var/www/html/web/modules/contrib/proxy_block/e2e/tests/auth.spec.js:121:16

    attachment #1: screenshot (image/png) ──────────────────────────────────────────────────────────
    ../test-results/tests-auth-Authentication--5f583-ogin-credentials-gracefully-chromium/test-failed-1.png
    ────────────────────────────────────────────────────────────────────────────────────────────────

    attachment #2: video (video/webm) ──────────────────────────────────────────────────────────────
    ../test-results/tests-auth-Authentication--5f583-ogin-credentials-gracefully-chromium/video.webm
    ────────────────────────────────────────────────────────────────────────────────────────────────

    Error Context: ../test-results/tests-auth-Authentication--5f583-ogin-credentials-gracefully-chromium/error-context.md
]]>
</failure>
<system-out>
<![CDATA[
[[ATTACHMENT|tests-auth-Authentication--5f583-ogin-credentials-gracefully-chromium/test-failed-1.png]]

[[ATTACHMENT|tests-auth-Authentication--5f583-ogin-credentials-gracefully-chromium/video.webm]]

[[ATTACHMENT|tests-auth-Authentication--5f583-ogin-credentials-gracefully-chromium/error-context.md]]
]]>
</system-out>
</testcase>
<testcase name="Authentication and Setup › should verify test environment configuration" classname="tests/auth.spec.js" time="7.466">
<failure message="auth.spec.js:135:3 should verify test environment configuration" type="FAILURE">
<![CDATA[  [chromium] › tests/auth.spec.js:135:3 › Authentication and Setup › should verify test environment configuration 

    Error: Timed out 5000ms waiting for expect(locator).toBeVisible()

    Locator: locator('#user-login-form')
    Expected: visible
    Received: <element(s) not found>
    Call log:
      - Expect "toBeVisible" with timeout 5000ms
      - waiting for locator('#user-login-form')


       at helpers/drupal-auth.js:29

      27 |   
      28 |   // Wait for login form to be visible
    > 29 |   await expect(page.locator('#user-login-form')).toBeVisible();
         |                                                  ^
      30 |   
      31 |   // Fill in credentials
      32 |   await page.fill('#edit-name', credentials.username);
        at loginAsAdmin (/var/www/html/web/modules/contrib/proxy_block/e2e/helpers/drupal-auth.js:29:50)
        at /var/www/html/web/modules/contrib/proxy_block/e2e/tests/auth.spec.js:136:5

    attachment #1: screenshot (image/png) ──────────────────────────────────────────────────────────
    ../test-results/tests-auth-Authentication--28f21-t-environment-configuration-chromium/test-failed-1.png
    ────────────────────────────────────────────────────────────────────────────────────────────────

    attachment #2: video (video/webm) ──────────────────────────────────────────────────────────────
    ../test-results/tests-auth-Authentication--28f21-t-environment-configuration-chromium/video.webm
    ────────────────────────────────────────────────────────────────────────────────────────────────

    Error Context: ../test-results/tests-auth-Authentication--28f21-t-environment-configuration-chromium/error-context.md
]]>
</failure>
<system-out>
<![CDATA[
[[ATTACHMENT|tests-auth-Authentication--28f21-t-environment-configuration-chromium/test-failed-1.png]]

[[ATTACHMENT|tests-auth-Authentication--28f21-t-environment-configuration-chromium/video.webm]]

[[ATTACHMENT|tests-auth-Authentication--28f21-t-environment-configuration-chromium/error-context.md]]
]]>
</system-out>
</testcase>
<testcase name="Authentication and Setup › should verify browser console has no critical errors" classname="tests/auth.spec.js" time="7.346">
<failure message="auth.spec.js:161:3 should verify browser console has no critical errors" type="FAILURE">
<![CDATA[  [chromium] › tests/auth.spec.js:161:3 › Authentication and Setup › should verify browser console has no critical errors 

    Error: Timed out 5000ms waiting for expect(locator).toBeVisible()

    Locator: locator('#user-login-form')
    Expected: visible
    Received: <element(s) not found>
    Call log:
      - Expect "toBeVisible" with timeout 5000ms
      - waiting for locator('#user-login-form')


       at helpers/drupal-auth.js:29

      27 |   
      28 |   // Wait for login form to be visible
    > 29 |   await expect(page.locator('#user-login-form')).toBeVisible();
         |                                                  ^
      30 |   
      31 |   // Fill in credentials
      32 |   await page.fill('#edit-name', credentials.username);
        at loginAsAdmin (/var/www/html/web/modules/contrib/proxy_block/e2e/helpers/drupal-auth.js:29:50)
        at /var/www/html/web/modules/contrib/proxy_block/e2e/tests/auth.spec.js:171:5

    attachment #1: screenshot (image/png) ──────────────────────────────────────────────────────────
    ../test-results/tests-auth-Authentication--0e46a-sole-has-no-critical-errors-chromium/test-failed-1.png
    ────────────────────────────────────────────────────────────────────────────────────────────────

    attachment #2: video (video/webm) ──────────────────────────────────────────────────────────────
    ../test-results/tests-auth-Authentication--0e46a-sole-has-no-critical-errors-chromium/video.webm
    ────────────────────────────────────────────────────────────────────────────────────────────────

    Error Context: ../test-results/tests-auth-Authentication--0e46a-sole-has-no-critical-errors-chromium/error-context.md
]]>
</failure>
<system-out>
<![CDATA[
[[ATTACHMENT|tests-auth-Authentication--0e46a-sole-has-no-critical-errors-chromium/test-failed-1.png]]

[[ATTACHMENT|tests-auth-Authentication--0e46a-sole-has-no-critical-errors-chromium/video.webm]]

[[ATTACHMENT|tests-auth-Authentication--0e46a-sole-has-no-critical-errors-chromium/error-context.md]]
]]>
</system-out>
</testcase>
</testsuite>
</testsuites>